<?xml version="1.0" encoding="UTF-8"?>
<testsuite xmlns:xsi="http://www.w3.org/2001/XMLSchema-instance" xsi:noNamespaceSchemaLocation="https://maven.apache.org/surefire/maven-surefire-plugin/xsd/surefire-test-report.xsd" version="3.0.2" name="br.com.fusex28gac.fusex_backend.FusexBackendApplicationTests" time="39.309" tests="1" errors="0" skipped="0" failures="0" flakes="0">
  <properties>
[...]
</properties>
  <testcase name="contextLoads" classname="br.com.fusex28gac.fusex_backend.FusexBackendApplicationTests" time="1.612">
    <system-out><![CDATA[12:58:23.282 [main] INFO org.springframework.test.context.support.AnnotationConfigContextLoaderUtils -- Could not detect default configuration classes for test class [br.com.fusex28gac.fusex_backend.FusexBackendApplicationTests]: FusexBackendApplicationTests does not declare any static, non-private, non-final, nested classes annotated with @Configuration.
12:58:23.963 [main] INFO org.springframework.boot.test.context.SpringBootTestContextBootstrapper -- Found @SpringBootConfiguration br.com.fusex28gac.fusex_backend.FusexBackendApplication for test class br.com.fusex28gac.fusex_backend.FusexBackendApplicationTests
12:58:24.395 [main] INFO org.springframework.test.context.support.AnnotationConfigContextLoaderUtils -- Could not detect default configuration classes for test class [br.com.fusex28gac.fusex_backend.FusexBackendApplicationTests]: FusexBackendApplicationTests does not declare any static, non-private, non-final, nested classes annotated with @Configuration.
12:58:24.410 [main] INFO org.springframework.boot.test.context.SpringBootTestContextBootstrapper -- Found @SpringBootConfiguration br.com.fusex28gac.fusex_backend.FusexBackendApplication for test class br.com.fusex28gac.fusex_backend.FusexBackendApplicationTests

  .   ____          _            __ _ _
 /\\ / ___'_ __ _ _(_)_ __  __ _ \ \ \ \
( ( )\___ | '_ | '_| | '_ \/ _` | \ \ \ \
 \\/  ___)| |_)| | | | | || (_| |  ) ) ) )
  '  |____| .__|_| |_|_| |_\__, | / / / /
 =========|_|==============|___/=/_/_/_/

 :: Spring Boot ::                (v4.0.5)

2026-07-21T12:58:28.565-03:00  INFO 15352 --- [fusex-backend] [           main] b.c.f.f.FusexBackendApplicationTests     : Starting FusexBackendApplicationTests using Java 21.0.9 with PID 15352 (started by reido in C:\Users\reido\Documents\Projetos\Fusex\fusex28gac-backend)
2026-07-21T12:58:28.570-03:00  INFO 15352 --- [fusex-backend] [           main] b.c.f.f.FusexBackendApplicationTests     : No active profile set, falling back to 1 default profile: "default"
2026-07-21T12:58:34.547-03:00  INFO 15352 --- [fusex-backend] [           main] .s.d.r.c.RepositoryConfigurationDelegate : Bootstrapping Spring Data JPA repositories in DEFAULT mode.
2026-07-21T12:58:34.851-03:00  INFO 15352 --- [fusex-backend] [           main] .s.d.r.c.RepositoryConfigurationDelegate : Finished Spring Data repository scanning in 273 ms. Found 5 JPA repository interfaces.
2026-07-21T12:58:38.935-03:00  INFO 15352 --- [fusex-backend] [           main] org.hibernate.orm.jpa                    : HHH008540: Processing PersistenceUnitInfo [name: default]
2026-07-21T12:58:39.380-03:00  INFO 15352 --- [fusex-backend] [           main] org.hibernate.orm.core                   : HHH000001: Hibernate ORM core version 7.2.7.Final
2026-07-21T12:58:41.898-03:00  INFO 15352 --- [fusex-backend] [           main] o.s.o.j.p.SpringPersistenceUnitInfo      : No LoadTimeWeaver setup: ignoring JPA class transformer
2026-07-21T12:58:42.067-03:00  INFO 15352 --- [fusex-backend] [           main] com.zaxxer.hikari.HikariDataSource       : HikariPool-1 - Starting...
2026-07-21T12:58:42.829-03:00  INFO 15352 --- [fusex-backend] [           main] com.zaxxer.hikari.pool.HikariPool        : HikariPool-1 - Added connection org.postgresql.jdbc.PgConnection@7ca0166c
2026-07-21T12:58:42.833-03:00  INFO 15352 --- [fusex-backend] [           main] com.zaxxer.hikari.HikariDataSource       : HikariPool-1 - Start completed.
2026-07-21T12:58:42.946-03:00  WARN 15352 --- [fusex-backend] [           main] org.hibernate.orm.deprecation            : HHH90000025: PostgreSQLDialect does not need to be specified explicitly using 'hibernate.dialect' (remove the property setting and it will be selected by default)
2026-07-21T12:58:43.141-03:00  INFO 15352 --- [fusex-backend] [           main] org.hibernate.orm.connections.pooling    : HHH10001005: Database info:
	Database JDBC URL [jdbc:postgresql://localhost:5432/fusex_db]
	Database driver: PostgreSQL JDBC Driver
	Database dialect: PostgreSQLDialect
	Database version: 18.4
	Default catalog/schema: fusex_db/public
	Autocommit mode: undefined/unknown
	Isolation level: READ_COMMITTED [default READ_COMMITTED]
	JDBC fetch size: none
	Pool: DataSourceConnectionProvider
	Minimum pool size: undefined/unknown
	Maximum pool size: undefined/unknown
2026-07-21T12:58:47.803-03:00  INFO 15352 --- [fusex-backend] [           main] org.hibernate.orm.core                   : HHH000489: No JTA platform available (set 'hibernate.transaction.jta.platform' to enable JTA platform integration)
2026-07-21T12:58:48.070-03:00  INFO 15352 --- [fusex-backend] [           main] j.LocalContainerEntityManagerFactoryBean : Initialized JPA EntityManagerFactory for persistence unit 'default'
2026-07-21T12:58:48.569-03:00  INFO 15352 --- [fusex-backend] [           main] o.s.d.j.r.query.QueryEnhancerFactories   : Hibernate is in classpath; If applicable, HQL parser will be used.
2026-07-21T12:58:53.445-03:00  WARN 15352 --- [fusex-backend] [           main] JpaBaseConfiguration$JpaWebConfiguration : spring.jpa.open-in-view is enabled by default. Therefore, database queries may be performed during view rendering. Explicitly configure spring.jpa.open-in-view to disable this warning
2026-07-21T12:58:54.067-03:00  INFO 15352 --- [fusex-backend] [           main] r$InitializeUserDetailsManagerConfigurer : Global AuthenticationManager configured with UserDetailsService bean with name customUserDetailsService
2026-07-21T12:58:55.035-03:00 DEBUG 15352 --- [fusex-backend] [           main] o.s.s.web.DefaultSecurityFilterChain     : Will secure any request with filters: DisableEncodeUrlFilter, WebAsyncManagerIntegrationFilter, SecurityContextHolderFilter, HeaderWriterFilter, CorsFilter, LogoutFilter, BasicAuthenticationFilter, RequestCacheAwareFilter, SecurityContextHolderAwareRequestFilter, AnonymousAuthenticationFilter, ExceptionTranslationFilter, AuthorizationFilter
2026-07-21T12:58:57.180-03:00  INFO 15352 --- [fusex-backend] [           main] b.c.f.f.FusexBackendApplicationTests     : Started FusexBackendApplicationTests in 32.059 seconds (process running for 41.769)
Hibernate: select b1_0.id,b1_0.ativo,b1_0.cpf,b1_0.data_nascimento,b1_0.data_validacao,b1_0.nome_completo,b1_0.preccp,b1_0.senha_hash,b1_0.status_cadastro,b1_0.tipo,b1_0.validado_por_usuario_id from beneficiarios b1_0
Hibernate: select u1_0.id,u1_0.ativo,u1_0.login,m1_0.id,m1_0.ativo,m1_0.crm,m1_0.especialidade,m1_0.nome,u1_0.nome,u1_0.perfil,u1_0.senha_hash from usuarios u1_0 left join medicos m1_0 on m1_0.id=u1_0.medico_id where u1_0.id=?
Hibernate: select count(*) from usuarios u1_0
Hibernate: select u1_0.id,u1_0.ativo,u1_0.login,u1_0.medico_id,u1_0.nome,u1_0.perfil,u1_0.senha_hash from usuarios u1_0
Hibernate: select m1_0.id,m1_0.ativo,m1_0.crm,m1_0.especialidade,m1_0.nome from medicos m1_0 where m1_0.id=?
Hibernate: select m1_0.id,m1_0.ativo,m1_0.crm,m1_0.especialidade,m1_0.nome from medicos m1_0 where m1_0.id=?
Hibernate: select m1_0.id,m1_0.ativo,m1_0.crm,m1_0.especialidade,m1_0.nome from medicos m1_0 where m1_0.id=?
Hibernate: select m1_0.id,m1_0.ativo,m1_0.crm,m1_0.especialidade,m1_0.nome from medicos m1_0 where m1_0.id=?
Hibernate: select m1_0.id,m1_0.ativo,m1_0.crm,m1_0.especialidade,m1_0.nome from medicos m1_0
Hibernate: select u1_0.id,u1_0.ativo,u1_0.login,u1_0.medico_id,u1_0.nome,u1_0.perfil,u1_0.senha_hash from usuarios u1_0 where u1_0.medico_id=?
Hibernate: select m1_0.id,m1_0.ativo,m1_0.crm,m1_0.especialidade,m1_0.nome from medicos m1_0 where m1_0.id=?
Hibernate: select u1_0.id,u1_0.ativo,u1_0.login,u1_0.medico_id,u1_0.nome,u1_0.perfil,u1_0.senha_hash from usuarios u1_0 where u1_0.medico_id=?
Hibernate: select m1_0.id,m1_0.ativo,m1_0.crm,m1_0.especialidade,m1_0.nome from medicos m1_0 where m1_0.id=?
Hibernate: select u1_0.id,u1_0.ativo,u1_0.login,u1_0.medico_id,u1_0.nome,u1_0.perfil,u1_0.senha_hash from usuarios u1_0 where u1_0.medico_id=?
Hibernate: select m1_0.id,m1_0.ativo,m1_0.crm,m1_0.especialidade,m1_0.nome from medicos m1_0 where m1_0.id=?
Hibernate: select u1_0.id,u1_0.ativo,u1_0.login,u1_0.medico_id,u1_0.nome,u1_0.perfil,u1_0.senha_hash from usuarios u1_0 where u1_0.medico_id=?
Hibernate: select m1_0.id,m1_0.ativo,m1_0.crm,m1_0.especialidade,m1_0.nome from medicos m1_0 where m1_0.id=?
]]></system-out>
    <system-err><![CDATA[Mockito is currently self-attaching to enable the inline-mock-maker. This will no longer work in future releases of the JDK. Please add Mockito as an agent to your build as described in Mockito's documentation: https://javadoc.io/doc/org.mockito/mockito-core/latest/org.mockito/org/mockito/Mockito.html#0.3
WARNING: A Java agent has been loaded dynamically (C:\Users\reido\.m2\repository\net\bytebuddy\byte-buddy-agent\1.17.8\byte-buddy-agent-1.17.8.jar)
WARNING: If a serviceability tool is in use, please run with -XX:+EnableDynamicAgentLoading to hide this warning
WARNING: If a serviceability tool is not in use, please run with -Djdk.instrument.traceUsage for more information
WARNING: Dynamic loading of agents will be disallowed by default in a future release
]]></system-err>
  </testcase>
</testsuite>